<?xml version="1.0" encoding="UTF-8"?>
<!-- Generated by org.testng.reporters.JUnitReportReporter -->
<testsuite hostname="DESKTOP-BFGK9SG" failures="0" tests="2" name="com.eva.Vtiger.TestScripts.MarketingAccountTestScript" time="62.500" errors="0" timestamp="2023-10-31T15:43:11 IST" skipped="0">
  <testcase classname="com.eva.Vtiger.TestScripts.MarketingAccountTestScript" name="VerifyTC001AccountCreation" time="17.873"/>
  <testcase classname="com.eva.Vtiger.TestScripts.MarketingAccountTestScript" name="VerifyTC001AccountCreation" time="44.627"/>
</testsuite> <!-- com.eva.Vtiger.TestScripts.MarketingAccountTestScript -->
