<?xml version="1.0" encoding="UTF-8"?>
<!-- Generated by org.testng.reporters.JUnitReportReporter -->
<testsuite hostname="DESKTOP-BFGK9SG" failures="0" tests="2" name="Evs.test.TestAutomation" time="23.219" errors="0" timestamp="2023-12-02T08:50:12 IST" skipped="0">
  <testcase classname="Evs.test.TestAutomation" name="hello1" time="13.646"/>
  <testcase classname="Evs.test.TestAutomation" name="hello2" time="9.573"/>
  <system-out>
    <![CDATA[Application is logged-in succesfully
Application is logged-in succesfully]]>
  </system-out>
</testsuite> <!-- Evs.test.TestAutomation -->
