<?xml version="1.0" encoding="UTF-8"?>
<!-- Generated by org.testng.reporters.JUnitReportReporter -->
<testsuite hostname="DESKTOP-BFGK9SG" failures="0" tests="2" name="Evs.DeltaBatc.PracticeSession" time="12.745" errors="0" timestamp="2023-11-19T08:53:54 IST" skipped="0">
  <testcase classname="Evs.DeltaBatc.PracticeSession" name="Main" time="7.015">
    <system-out>
      <![CDATA[this is Main method]]>
    </system-out>
  </testcase> <!-- Main -->
  <testcase classname="Evs.DeltaBatc.PracticeSession" name="M2" time="5.730">
    <system-out>
      <![CDATA[this is M2 method]]>
    </system-out>
  </testcase> <!-- M2 -->
  <system-out>
    <![CDATA[Application is logged-in succesfully
this is Main method
Application is logged-in succesfully
this is M2 method]]>
  </system-out>
</testsuite> <!-- Evs.DeltaBatc.PracticeSession -->
