<?xml version="1.0" encoding="UTF-8"?>
<!-- Generated by org.testng.reporters.JUnitReportReporter -->
<testsuite hostname="DESKTOP-BFGK9SG" failures="0" tests="3" name="Evs.test.TestNgPractice" time="0.018" errors="0" timestamp="2023-11-29T19:36:28 IST" skipped="0">
  <testcase classname="Evs.test.TestNgPractice" name="m3" time="0.003"/>
  <testcase classname="Evs.test.TestNgPractice" name="m1" time="0.006"/>
  <testcase classname="Evs.test.TestNgPractice" name="m4" time="0.009"/>
</testsuite> <!-- Evs.test.TestNgPractice -->
