<?xml version="1.0" encoding="UTF-8"?>
<!-- Generated by org.testng.reporters.JUnitReportReporter -->
<testsuite hostname="DESKTOP-BFGK9SG" failures="0" tests="2" name="com.eva.Vtiger.TestScripts.TerstNgPractice" time="0.022" errors="0" timestamp="2023-10-20T20:33:43 IST" skipped="0">
  <testcase classname="com.eva.Vtiger.TestScripts.TerstNgPractice" name="m1" time="0.017"/>
  <testcase classname="com.eva.Vtiger.TestScripts.TerstNgPractice" name="m2" time="0.005"/>
</testsuite> <!-- com.eva.Vtiger.TestScripts.TerstNgPractice -->
